TN:
SF:Service\GetCep-service.ts
FN:7,(anonymous_9)
FN:10,(anonymous_10)
FNF:2
FNH:1
FNDA:3,(anonymous_9)
FNDA:0,(anonymous_10)
DA:1,4
DA:2,4
DA:7,4
DA:8,3
DA:11,0
DA:12,0
DA:13,0
DA:15,0
DA:16,0
DA:18,0
DA:19,0
DA:20,0
DA:23,0
DA:24,0
DA:28,0
DA:30,0
DA:31,0
DA:32,0
DA:35,0
DA:41,0
DA:42,0
DA:44,0
DA:46,0
LF:23
LH:4
BRDA:11,0,0,0
BRDA:18,1,0,0
BRDA:30,2,0,0
BRDA:30,3,0,0
BRDA:30,3,1,0
BRDA:41,4,0,0
BRDA:41,4,1,0
BRF:7
BRH:0
end_of_record
TN:
SF:Service\LocationService.ts
FN:13,(anonymous_11)
FN:20,(anonymous_12)
FN:20,(anonymous_13)
FN:36,(anonymous_14)
FN:36,(anonymous_15)
FN:45,(anonymous_16)
FN:46,(anonymous_17)
FNF:7
FNH:7
FNDA:3,(anonymous_11)
FNDA:3,(anonymous_12)
FNDA:3,(anonymous_13)
FNDA:4,(anonymous_14)
FNDA:4,(anonymous_15)
FNDA:4,(anonymous_16)
FNDA:1,(anonymous_17)
DA:1,4
DA:2,4
DA:3,4
DA:4,4
DA:6,4
DA:9,4
DA:10,3
DA:11,3
DA:14,3
DA:15,3
DA:16,3
DA:18,3
DA:20,3
DA:21,3
DA:22,3
DA:23,3
DA:24,0
DA:25,0
DA:27,3
DA:28,3
DA:29,3
DA:30,3
DA:31,1
DA:32,1
DA:35,2
DA:36,4
DA:37,4
DA:41,4
DA:44,2
DA:45,4
DA:46,1
DA:48,2
DA:49,1
DA:50,1
DA:56,1
DA:57,1
DA:59,3
LF:37
LH:35
BRDA:20,0,0,1
BRDA:23,1,0,0
BRDA:30,2,0,1
BRDA:30,3,0,3
BRDA:30,3,1,3
BRDA:48,4,0,1
BRF:6
BRH:5
end_of_record
TN:
SF:Service\calculateFreteWithMelhorEnvio.ts
FN:5,(anonymous_8)
FN:8,(anonymous_9)
FN:83,(anonymous_11)
FNF:3
FNH:3
FNDA:5,(anonymous_8)
FNDA:5,(anonymous_9)
FNDA:15,(anonymous_11)
DA:1,4
DA:2,4
DA:3,4
DA:5,4
DA:6,5
DA:9,5
DA:11,5
DA:12,1
DA:13,1
DA:15,4
DA:16,1
DA:17,1
DA:19,3
DA:23,3
DA:55,3
DA:57,3
DA:62,3
DA:75,3
DA:77,3
DA:78,1
DA:79,1
DA:82,2
DA:83,15
DA:97,2
DA:98,2
DA:100,1
DA:101,1
LF:27
LH:27
BRDA:11,0,0,1
BRDA:15,1,0,1
BRDA:15,1,1,3
BRDA:77,2,0,1
BRDA:77,3,0,3
BRDA:77,3,1,1
BRDA:82,4,0,2
BRDA:82,4,1,0
BRDA:84,5,0,11
BRDA:84,5,1,4
BRDA:85,6,0,15
BRDA:85,6,1,14
BRDA:86,7,0,11
BRDA:86,7,1,4
BRDA:87,8,0,15
BRDA:87,8,1,14
BRDA:91,9,0,0
BRDA:91,9,1,0
BRDA:92,10,0,0
BRDA:92,10,1,0
BRDA:93,11,0,0
BRDA:93,11,1,0
BRDA:94,12,0,0
BRDA:94,12,1,0
BRDA:100,13,0,1
BRDA:100,13,1,1
BRDA:100,13,2,0
BRDA:100,14,0,0
BRDA:100,14,1,1
BRDA:100,15,0,1
BRDA:100,15,1,1
BRF:31
BRH:20
end_of_record
TN:
SF:Service\lojasService.ts
FN:9,(anonymous_11)
FN:11,(anonymous_12)
FN:16,(anonymous_14)
FN:19,(anonymous_16)
FN:22,(anonymous_18)
FNF:5
FNH:0
FNDA:0,(anonymous_11)
FNDA:0,(anonymous_12)
FNDA:0,(anonymous_14)
FNDA:0,(anonymous_16)
FNDA:0,(anonymous_18)
DA:1,3
DA:2,3
DA:3,3
DA:8,3
DA:9,0
DA:12,0
DA:13,0
DA:17,0
DA:20,0
DA:23,0
LF:10
LH:4
BRF:0
BRH:0
end_of_record
TN:
SF:Service\osrmService.ts
FN:5,(anonymous_9)
FN:8,(anonymous_10)
FNF:2
FNH:0
FNDA:0,(anonymous_9)
FNDA:0,(anonymous_10)
DA:1,3
DA:2,3
DA:5,3
DA:6,0
DA:12,0
DA:13,0
DA:15,0
DA:16,0
DA:23,0
DA:24,0
DA:26,0
DA:27,0
LF:12
LH:3
BRF:0
BRH:0
end_of_record
TN:
SF:controller\FreteController.ts
FN:10,(anonymous_11)
FN:18,(anonymous_12)
FN:61,(anonymous_14)
FN:84,(anonymous_16)
FN:97,(anonymous_17)
FN:107,(anonymous_18)
FN:136,(anonymous_19)
FN:181,(anonymous_21)
FN:198,(anonymous_23)
FNF:9
FNH:8
FNDA:8,(anonymous_11)
FNDA:0,(anonymous_12)
FNDA:1,(anonymous_14)
FNDA:2,(anonymous_16)
FNDA:2,(anonymous_17)
FNDA:13,(anonymous_18)
FNDA:3,(anonymous_19)
FNDA:4,(anonymous_21)
FNDA:2,(anonymous_23)
DA:1,3
DA:2,3
DA:3,3
DA:4,3
DA:5,3
DA:8,3
DA:9,8
DA:11,8
DA:12,8
DA:13,8
DA:14,8
DA:18,3
DA:19,0
DA:20,0
DA:21,0
DA:22,0
DA:23,0
DA:24,0
DA:27,0
DA:28,0
DA:29,0
DA:32,0
DA:34,0
DA:35,0
DA:36,0
DA:39,0
DA:40,0
DA:42,0
DA:52,0
DA:53,0
DA:61,3
DA:62,1
DA:64,1
DA:65,1
DA:66,1
DA:67,0
DA:70,1
DA:71,1
DA:72,0
DA:75,1
DA:77,1
DA:78,1
DA:80,1
DA:81,0
DA:84,2
DA:97,2
DA:103,1
DA:104,1
DA:106,1
DA:107,13
DA:110,1
DA:112,1
DA:113,1
DA:114,1
DA:117,1
DA:127,0
DA:128,0
DA:136,3
DA:137,3
DA:139,3
DA:141,3
DA:144,2
DA:145,1
DA:149,1
DA:163,1
DA:170,1
DA:172,2
DA:173,2
DA:181,3
DA:182,4
DA:184,4
DA:186,4
DA:187,1
DA:190,3
DA:193,2
DA:194,1
DA:198,2
DA:212,1
DA:219,1
DA:221,3
DA:222,3
LF:81
LH:58
BRDA:19,0,0,0
BRDA:19,0,1,0
BRDA:19,1,0,0
BRDA:19,1,1,0
BRDA:19,2,0,0
BRDA:19,2,1,0
BRDA:19,3,0,0
BRDA:19,3,1,0
BRDA:20,4,0,0
BRDA:20,4,1,0
BRDA:20,5,0,0
BRDA:20,5,1,0
BRDA:23,6,0,0
BRDA:23,7,0,0
BRDA:23,7,1,0
BRDA:28,8,0,0
BRDA:35,9,0,0
BRDA:54,10,0,0
BRDA:54,10,1,0
BRDA:55,11,0,0
BRDA:55,11,1,0
BRDA:66,12,0,0
BRDA:71,13,0,0
BRDA:80,14,0,0
BRDA:80,15,0,1
BRDA:80,15,1,1
BRDA:87,16,0,2
BRDA:87,16,1,2
BRDA:106,17,0,1
BRDA:106,17,1,0
BRDA:129,18,0,0
BRDA:129,18,1,0
BRDA:144,19,0,1
BRDA:152,20,0,1
BRDA:152,20,1,0
BRDA:174,21,0,2
BRDA:174,21,1,0
BRDA:186,22,0,1
BRDA:193,23,0,1
BRDA:193,24,0,2
BRDA:193,24,1,2
BRDA:201,25,0,2
BRDA:201,25,1,0
BRDA:223,26,0,3
BRDA:223,26,1,0
BRF:45
BRH:14
end_of_record
